<?xml version="1.0" encoding="UTF-8"?>
<!-- Generated by org.testng.reporters.JUnitXMLReporter -->
<testsuite ignored="0" hostname="Gopimanisri" failures="0" tests="1" name="Test" time="0.202" errors="0" timestamp="2021-11-09T12:07:47 IST">
  <testcase classname="com.tide.pageobject.ShoProductPage" name="@BeforeTest initialize" time="0.109">
    <failure type="java.lang.IllegalStateException" message="The driver executable does not exist: D:\selinium\selenium-programs\TideProject\driver\chromedriver.exe">
      <![CDATA[java.lang.IllegalStateException: The driver executable does not exist: D:\selinium\selenium-programs\TideProject\driver\chromedriver.exe
at com.google.common.base.Preconditions.checkState(Preconditions.java:585)
at org.openqa.selenium.remote.service.DriverService.checkExecutable(DriverService.java:146)
at org.openqa.selenium.remote.service.DriverService.findExecutable(DriverService.java:141)
at org.openqa.selenium.chrome.ChromeDriverService.access$000(ChromeDriverService.java:35)
at org.openqa.selenium.chrome.ChromeDriverService$Builder.findDefaultExecutable(ChromeDriverService.java:159)
at org.openqa.selenium.remote.service.DriverService$Builder.build(DriverService.java:355)
at org.openqa.selenium.chrome.ChromeDriverService.createDefaultService(ChromeDriverService.java:94)
at org.openqa.selenium.chrome.ChromeDriver.<init>(ChromeDriver.java:123)
at com.tide.reusablecomponents.base.initializeDriver(base.java:36)
at com.tide.pageobject.ShoProductPage.initialize(ShoProductPage.java:19)
... Removed 24 stack frames]]>
    </failure>
  </testcase> <!-- @BeforeTest initialize -->
  <testcase classname="com.tide.pageobject.ShoProductPage" name="@AfterTest close" time="-1.636439866947E9">
    <skipped/>
  </testcase> <!-- @AfterTest close -->
  <testcase classname="com.tide.pageobject.ShoProductPage" name="navigateToShop" time="0.0">
    <skipped/>
  </testcase> <!-- navigateToShop -->
</testsuite> <!-- Test -->
